<?xml version="1.0" encoding="UTF-8"?>
<testng-results skipped="0" failed="0" ignored="0" total="1" passed="1">
  <reporter-output>
  </reporter-output>
  <suite name="Suite" duration-ms="61" started-at="2017-08-14T10:20:51Z" finished-at="2017-08-14T10:20:51Z">
    <groups>
    </groups>
    <test name="Test" duration-ms="61" started-at="2017-08-14T10:20:51Z" finished-at="2017-08-14T10:20:51Z">
      <class name="com.Test.VisasOfTheWorldHomePageTest">
        <test-method status="PASS" signature="getsum()[pri:0, instance:com.Test.VisasOfTheWorldHomePageTest@2812cbfa]" name="getsum" duration-ms="19" started-at="2017-08-14T15:50:51Z" finished-at="2017-08-14T15:50:51Z">
          <reporter-output>
          </reporter-output>
        </test-method> <!-- getsum -->
      </class> <!-- com.Test.VisasOfTheWorldHomePageTest -->
    </test> <!-- Test -->
  </suite> <!-- Suite -->
</testng-results>
